<?xml version="1.0" encoding="UTF-8"?>
<coverage generated="1651067271837" clover="3.2.0">
  <project timestamp="1651067271837" name="All files">
    <metrics statements="20" coveredstatements="17" conditionals="2" coveredconditionals="1" methods="2" coveredmethods="2" elements="24" coveredelements="20" complexity="0" loc="20" ncloc="20" packages="1" files="1" classes="1"/>
    <file name="app.ts" path="C:\Users\mateus.maia\Desktop\desafioDB\src\app.ts">
      <metrics statements="20" coveredstatements="17" conditionals="2" coveredconditionals="1" methods="2" coveredmethods="2"/>
      <line num="1" count="1" type="stmt"/>
      <line num="2" count="1" type="stmt"/>
      <line num="5" count="1" type="stmt"/>
      <line num="6" count="3" type="stmt"/>
      <line num="7" count="3" type="stmt"/>
      <line num="10" count="1" type="stmt"/>
      <line num="11" count="2" type="stmt"/>
      <line num="13" count="2" type="stmt"/>
      <line num="14" count="12" type="stmt"/>
      <line num="15" count="12" type="cond" truecount="1" falsecount="0"/>
      <line num="16" count="12" type="stmt"/>
      <line num="17" count="12" type="stmt"/>
      <line num="21" count="2" type="stmt"/>
      <line num="22" count="10" type="stmt"/>
      <line num="23" count="10" type="cond" truecount="0" falsecount="1"/>
      <line num="24" count="0" type="stmt"/>
      <line num="25" count="0" type="stmt"/>
      <line num="26" count="0" type="stmt"/>
      <line num="29" count="2" type="stmt"/>
      <line num="32" count="1" type="stmt"/>
    </file>
  </project>
</coverage>
