{"C:\\Users\\mateus.maia\\Desktop\\desafioDB\\src\\app.ts": {"path":"C:\\Users\\mateus.maia\\Desktop\\desafioDB\\src\\app.ts","statementMap":{"0":{"start":{"line":1,"column":24},"end":{"line":1,"column":47}},"1":{"start":{"line":2,"column":23},"end":{"line":2,"column":48}},"2":{"start":{"line":6,"column":2},"end":{"line":6,"column":34}},"3":{"start":{"line":7,"column":2},"end":{"line":7,"column":15}},"4":{"start":{"line":5,"column":0},"end":{"line":5,"column":16}},"5":{"start":{"line":11,"column":23},"end":{"line":11,"column":25}},"6":{"start":{"line":13,"column":2},"end":{"line":19,"column":null}},"7":{"start":{"line":13,"column":15},"end":{"line":13,"column":16}},"8":{"start":{"line":14,"column":21},"end":{"line":14,"column":63}},"9":{"start":{"line":15,"column":4},"end":{"line":18,"column":null}},"10":{"start":{"line":16,"column":6},"end":{"line":16,"column":33}},"11":{"start":{"line":17,"column":6},"end":{"line":17,"column":76}},"12":{"start":{"line":21,"column":2},"end":{"line":28,"column":null}},"13":{"start":{"line":21,"column":15},"end":{"line":21,"column":16}},"14":{"start":{"line":22,"column":20},"end":{"line":22,"column":49}},"15":{"start":{"line":23,"column":4},"end":{"line":27,"column":null}},"16":{"start":{"line":24,"column":6},"end":{"line":24,"column":37}},"17":{"start":{"line":25,"column":6},"end":{"line":25,"column":32}},"18":{"start":{"line":26,"column":6},"end":{"line":26,"column":71}},"19":{"start":{"line":29,"column":2},"end":{"line":29,"column":19}},"20":{"start":{"line":10,"column":0},"end":{"line":10,"column":16}},"21":{"start":{"line":32,"column":0},"end":{"line":32,"column":67}}},"fnMap":{"0":{"name":"calcularTroco","decl":{"start":{"line":5,"column":16},"end":{"line":5,"column":29}},"loc":{"start":{"line":5,"column":68},"end":{"line":8,"column":1}}},"1":{"name":"calcularTrocoComCedulasEMoedas","decl":{"start":{"line":10,"column":16},"end":{"line":10,"column":46}},"loc":{"start":{"line":10,"column":60},"end":{"line":30,"column":1}}}},"branchMap":{"0":{"loc":{"start":{"line":15,"column":4},"end":{"line":18,"column":null}},"type":"if","locations":[{"start":{"line":15,"column":4},"end":{"line":18,"column":null}}]},"1":{"loc":{"start":{"line":23,"column":4},"end":{"line":27,"column":null}},"type":"if","locations":[{"start":{"line":23,"column":4},"end":{"line":27,"column":null}}]}},"s":{"0":1,"1":1,"2":4,"3":4,"4":1,"5":3,"6":3,"7":3,"8":18,"9":18,"10":6,"11":6,"12":3,"13":3,"14":15,"15":15,"16":10,"17":10,"18":10,"19":3,"20":1,"21":1},"f":{"0":4,"1":3},"b":{"0":[6],"1":[10]}}
}
