{"C:\\Users\\mateus.maia\\Desktop\\desafioDB\\src\\app.ts": {"path":"C:\\Users\\mateus.maia\\Desktop\\desafioDB\\src\\app.ts","statementMap":{"0":{"start":{"line":1,"column":24},"end":{"line":1,"column":47}},"1":{"start":{"line":2,"column":23},"end":{"line":2,"column":48}},"2":{"start":{"line":4,"column":16},"end":{"line":4,"column":22}},"3":{"start":{"line":5,"column":18},"end":{"line":5,"column":21}},"4":{"start":{"line":9,"column":2},"end":{"line":9,"column":34}},"5":{"start":{"line":10,"column":2},"end":{"line":10,"column":15}},"6":{"start":{"line":8,"column":0},"end":{"line":8,"column":16}},"7":{"start":{"line":14,"column":2},"end":{"line":18,"column":null}},"8":{"start":{"line":14,"column":15},"end":{"line":14,"column":16}},"9":{"start":{"line":15,"column":21},"end":{"line":15,"column":51}},"10":{"start":{"line":16,"column":4},"end":{"line":16,"column":31}},"11":{"start":{"line":17,"column":4},"end":{"line":17,"column":74}},"12":{"start":{"line":19,"column":2},"end":{"line":19,"column":15}},"13":{"start":{"line":13,"column":0},"end":{"line":13,"column":16}},"14":{"start":{"line":23,"column":2},"end":{"line":32,"column":null}},"15":{"start":{"line":23,"column":15},"end":{"line":23,"column":16}},"16":{"start":{"line":24,"column":20},"end":{"line":24,"column":49}},"17":{"start":{"line":25,"column":4},"end":{"line":25,"column":30}},"18":{"start":{"line":26,"column":4},"end":{"line":26,"column":30}},"19":{"start":{"line":27,"column":4},"end":{"line":29,"column":null}},"20":{"start":{"line":28,"column":6},"end":{"line":28,"column":19}},"21":{"start":{"line":30,"column":4},"end":{"line":30,"column":46}},"22":{"start":{"line":31,"column":4},"end":{"line":31,"column":23}},"23":{"start":{"line":33,"column":2},"end":{"line":33,"column":15}},"24":{"start":{"line":22,"column":0},"end":{"line":22,"column":16}},"25":{"start":{"line":35,"column":0},"end":{"line":35,"column":54}}},"fnMap":{"0":{"name":"calcularTroco","decl":{"start":{"line":8,"column":16},"end":{"line":8,"column":29}},"loc":{"start":{"line":8,"column":68},"end":{"line":11,"column":1}}},"1":{"name":"calcularTrocoComCedulas","decl":{"start":{"line":13,"column":16},"end":{"line":13,"column":39}},"loc":{"start":{"line":13,"column":53},"end":{"line":20,"column":1}}},"2":{"name":"calcularMoedas","decl":{"start":{"line":22,"column":16},"end":{"line":22,"column":30}},"loc":{"start":{"line":22,"column":44},"end":{"line":34,"column":1}}}},"branchMap":{"0":{"loc":{"start":{"line":27,"column":4},"end":{"line":29,"column":null}},"type":"if","locations":[{"start":{"line":27,"column":4},"end":{"line":29,"column":null}}]}},"s":{"0":1,"1":1,"2":1,"3":1,"4":1,"5":1,"6":1,"7":1,"8":1,"9":6,"10":6,"11":6,"12":1,"13":1,"14":1,"15":1,"16":5,"17":5,"18":5,"19":5,"20":2,"21":5,"22":5,"23":1,"24":1,"25":1},"f":{"0":1,"1":1,"2":1},"b":{"0":[2]}}
}
